#
# A fatal error has been detected by the Java Runtime Environment:
#
#  Internal Error (javaClasses.cpp:129), pid=7428, tid=9108
#  fatal error: Invalid layout of preloaded class
#
# JRE version: 7.0_11-b21
# Java VM: Java HotSpot(TM) Client VM (23.6-b04 mixed mode windows-x86 )
# Failed to write core dump. Minidumps are not enabled by default on client versions of Windows
#
# If you would like to submit a bug report, please visit:
#   http://bugreport.sun.com/bugreport/crash.jsp
#

---------------  T H R E A D  ---------------

Current thread (0x028fac00):  JavaThread "Unknown thread" [_thread_in_vm, id=9108, stack(0x01000000,0x01050000)]

Stack: [0x01000000,0x01050000],  sp=0x0104f4e4,  free space=317k
Native frames: (J=compiled Java code, j=interpreted, Vv=VM code, C=native code)
V  [jvm.dll+0x16f311]
V  [jvm.dll+0x1694c6]
V  [jvm.dll+0x2082f]
V  [jvm.dll+0x208b6]
V  [jvm.dll+0x2e64d]
V  [jvm.dll+0x2e8f9]
V  [jvm.dll+0x77d01]
V  [jvm.dll+0x780bb]
V  [jvm.dll+0x129101]
V  [jvm.dll+0x149baa]
V  [jvm.dll+0xa997f]
C  [javaw.exe+0x13ca]
C  [javaw.exe+0x1e3c]
C  [javaw.exe+0xa5e3]
C  [javaw.exe+0xa66d]
C  [KERNEL32.DLL+0x2850d]  BaseThreadInitThunk+0xe
C  [ntdll.dll+0x5bf39]  RtlInitializeExceptionChain+0x85
C  [ntdll.dll+0x5bf0c]  RtlInitializeExceptionChain+0x58


---------------  P R O C E S S  ---------------

Java Threads: ( => current thread )

Other Threads:

=>0x028fac00 (exited) JavaThread "Unknown thread" [_thread_in_vm, id=9108, stack(0x01000000,0x01050000)]

VM state:not at safepoint (not fully initialized)

VM Mutex/Monitor currently owned by a thread: None

GC Heap History (0 events):
No events

Deoptimization events (0 events):
No events

Internal exceptions (0 events):
No events

Events (10 events):
Event: 0.023 loading class 0x027f4ca8 done
Event: 0.024 loading class 0x027d58f8 done
Event: 0.024 loading class 0x027d5ab0
Event: 0.024 loading class 0x027f7168
Event: 0.024 loading class 0x027f7168 done
Event: 0.024 loading class 0x027f71d8
Event: 0.025 loading class 0x027f71d8 done
Event: 0.025 loading class 0x028419e0
Event: 0.025 loading class 0x028419e0 done
Event: 0.025 loading class 0x027d5ab0 done


Dynamic libraries:
0x00c60000 - 0x00c8f000 	C:\Program Files (x86)\Java\jdk1.7.0_11\bin\javaw.exe
0x77290000 - 0x773e7000 	C:\windows\SYSTEM32\ntdll.dll
0x75b70000 - 0x75ca0000 	C:\windows\SYSTEM32\KERNEL32.DLL
0x76040000 - 0x760e6000 	C:\windows\SYSTEM32\KERNELBASE.dll
0x69d70000 - 0x69dbc000 	C:\ProgramData\Norton\{0C55C096-0F1D-4F28-AAA2-85EF591126E7}\NIS_20.0.0.136\Definitions\BASHDefs\20130301.001\UMEngx86.dll
0x76940000 - 0x769ee000 	C:\windows\SYSTEM32\ADVAPI32.dll
0x75f10000 - 0x76026000 	C:\windows\SYSTEM32\USER32.dll
0x73810000 - 0x73a08000 	C:\windows\WinSxS\x86_microsoft.windows.common-controls_6595b64144ccf1df_6.0.9200.16579_none_8937eec6860750f5\COMCTL32.dll
0x75ab0000 - 0x75b61000 	C:\windows\SYSTEM32\msvcrt.dll
0x762a0000 - 0x762d4000 	C:\windows\SYSTEM32\sechost.dll
0x75ca0000 - 0x75d4c000 	C:\windows\SYSTEM32\RPCRT4.dll
0x759b0000 - 0x75aad000 	C:\windows\SYSTEM32\GDI32.dll
0x748c0000 - 0x748dc000 	C:\windows\SYSTEM32\SspiCli.dll
0x748b0000 - 0x748b9000 	C:\windows\SYSTEM32\CRYPTBASE.dll
0x74850000 - 0x748a1000 	C:\windows\SYSTEM32\bcryptPrimitives.dll
0x76ee0000 - 0x76f00000 	C:\windows\system32\IMM32.DLL
0x75d50000 - 0x75e2d000 	C:\windows\SYSTEM32\MSCTF.dll
0x63cf0000 - 0x63dae000 	C:\Program Files (x86)\Java\jdk1.7.0_11\jre\bin\msvcr100.dll
0x67120000 - 0x6746c000 	C:\Program Files (x86)\Java\jdk1.7.0_11\jre\bin\client\jvm.dll
0x71000000 - 0x71008000 	C:\windows\SYSTEM32\WSOCK32.dll
0x741b0000 - 0x741d1000 	C:\windows\SYSTEM32\WINMM.dll
0x76450000 - 0x76456000 	C:\windows\SYSTEM32\PSAPI.DLL
0x76460000 - 0x764b0000 	C:\windows\SYSTEM32\WS2_32.dll
0x74160000 - 0x7418a000 	C:\windows\SYSTEM32\WINMMBASE.dll
0x76930000 - 0x76938000 	C:\windows\SYSTEM32\NSI.dll
0x73610000 - 0x7361c000 	C:\Program Files (x86)\Java\jdk1.7.0_11\jre\bin\verify.dll
0x702a0000 - 0x702c0000 	C:\Program Files (x86)\Java\jdk1.7.0_11\jre\bin\java.dll
0x6efe0000 - 0x6eff3000 	C:\Program Files (x86)\Java\jdk1.7.0_11\jre\bin\zip.dll
0x6e9f0000 - 0x6eb19000 	C:\windows\SYSTEM32\dbghelp.dll

VM Arguments:
jvm_args: -Dfile.encoding=Cp1252 -Xbootclasspath:C:\Users\Dominic\Documents\adt-bundle-windows-x86_64-20130729\sdk\platforms\android-18\android.jar 
java_command: Testing.java
Launcher Type: SUN_STANDARD

Environment Variables:
PATH=C:/Program Files (x86)/Java/jdk1.7.0_11/bin/../jre/bin/client;C:/Program Files (x86)/Java/jdk1.7.0_11/bin/../jre/bin;C:/Program Files (x86)/Java/jdk1.7.0_11/bin/../jre/lib/i386;C:\Program Files (x86)\Java\jdk1.7.0_11\bin; C:\Program Files (x86)\Intel\iCLS Client\;C:\Program Files\Intel\iCLS Client\;C:\windows\system32;C:\windows;C:\windows\System32\Wbem;C:\windows\System32\WindowsPowerShell\v1.0\;C:\Program Files\Intel\WiFi\bin\;C:\Program Files\Common Files\Intel\WirelessCommon\;C:\Program Files\Intel\Intel(R) Management Engine Components\DAL;C:\Program Files\Intel\Intel(R) Management Engine Components\IPT;C:\Program Files (x86)\Intel\Intel(R) Management Engine Components\DAL;C:\Program Files (x86)\Intel\Intel(R) Management Engine Components\IPT;C:\Program Files (x86)\Intel\OpenCL SDK\2.0\bin\x86;C:\Program Files (x86)\Intel\OpenCL SDK\2.0\bin\x64;C:\Program Files (x86)\Windows Live\Shared;C:\Program Files\Condusiv Technologies\IntelliMemory\; ;C:\Program Files\MATLAB\R2010a\runtime\win64;C:\Program Files\MATLAB\R2010a\bin;C:\Program Files (x86)\eclipse;
USERNAME=Dominic
OS=Windows_NT
PROCESSOR_IDENTIFIER=Intel64 Family 6 Model 42 Stepping 7, GenuineIntel



---------------  S Y S T E M  ---------------

OS: Windows 8 , 64 bit Build 9200 

CPU:total 4 (2 cores per cpu, 2 threads per core) family 6 model 42 stepping 7, cmov, cx8, fxsr, mmx, sse, sse2, sse3, ssse3, sse4.1, sse4.2, popcnt, avx, ht, tsc, tscinvbit

Memory: 4k page, physical 3804704k(1045332k free), swap 10096164k(3926956k free)

vm_info: Java HotSpot(TM) Client VM (23.6-b04) for windows-x86 JRE (1.7.0_11-b21), built on Jan 12 2013 02:19:22 by "java_re" with unknown MS VC++:1600

time: Mon Sep 02 16:14:24 2013
elapsed time: 0 seconds

